<?xml version="1.0" encoding="UTF-8"?>
<testsuite xmlns:xsi="http://www.w3.org/2001/XMLSchema-instance" xsi:noNamespaceSchemaLocation="https://maven.apache.org/surefire/maven-surefire-plugin/xsd/surefire-test-report.xsd" name="TP1.MouadProjet.AwesomePasswordCheckerTest" time="0.062" tests="4" errors="4" skipped="0" failures="0">
  <properties>
    <property name="java.specification.version" value="21"/>
    <property name="sun.jnu.encoding" value="UTF-8"/>
    <property name="java.class.path" value="/home/mouad/Bureau/codeReview/mouadProject/target/test-classes:/home/mouad/Bureau/codeReview/mouadProject/target/classes:/home/mouad/.m2/repository/org/junit/jupiter/junit-jupiter-api/5.7.2/junit-jupiter-api-5.7.2.jar:/home/mouad/.m2/repository/org/apiguardian/apiguardian-api/1.1.0/apiguardian-api-1.1.0.jar:/home/mouad/.m2/repository/org/opentest4j/opentest4j/1.2.0/opentest4j-1.2.0.jar:/home/mouad/.m2/repository/org/junit/platform/junit-platform-commons/1.7.2/junit-platform-commons-1.7.2.jar:/home/mouad/.m2/repository/org/junit/jupiter/junit-jupiter-engine/5.7.2/junit-jupiter-engine-5.7.2.jar:/home/mouad/.m2/repository/org/junit/platform/junit-platform-engine/1.7.2/junit-platform-engine-1.7.2.jar:/home/mouad/.m2/repository/junit/junit/4.13.1/junit-4.13.1.jar:/home/mouad/.m2/repository/org/hamcrest/hamcrest-core/1.3/hamcrest-core-1.3.jar:"/>
    <property name="java.vm.vendor" value="Ubuntu"/>
    <property name="sun.arch.data.model" value="64"/>
    <property name="java.vendor.url" value="https://ubuntu.com/"/>
    <property name="os.name" value="Linux"/>
    <property name="java.vm.specification.version" value="21"/>
    <property name="sun.java.launcher" value="SUN_STANDARD"/>
    <property name="user.country" value="FR"/>
    <property name="sun.boot.library.path" value="/usr/lib/jvm/java-21-openjdk-amd64/lib"/>
    <property name="sun.java.command" value="/home/mouad/Bureau/codeReview/mouadProject/target/surefire/surefirebooter3021698623744594534.jar /home/mouad/Bureau/codeReview/mouadProject/target/surefire 2024-12-18T00-20-57_422-jvmRun1 surefire16668742483740957364tmp surefire_013583952712553467949tmp"/>
    <property name="jdk.debug" value="release"/>
    <property name="surefire.test.class.path" value="/home/mouad/Bureau/codeReview/mouadProject/target/test-classes:/home/mouad/Bureau/codeReview/mouadProject/target/classes:/home/mouad/.m2/repository/org/junit/jupiter/junit-jupiter-api/5.7.2/junit-jupiter-api-5.7.2.jar:/home/mouad/.m2/repository/org/apiguardian/apiguardian-api/1.1.0/apiguardian-api-1.1.0.jar:/home/mouad/.m2/repository/org/opentest4j/opentest4j/1.2.0/opentest4j-1.2.0.jar:/home/mouad/.m2/repository/org/junit/platform/junit-platform-commons/1.7.2/junit-platform-commons-1.7.2.jar:/home/mouad/.m2/repository/org/junit/jupiter/junit-jupiter-engine/5.7.2/junit-jupiter-engine-5.7.2.jar:/home/mouad/.m2/repository/org/junit/platform/junit-platform-engine/1.7.2/junit-platform-engine-1.7.2.jar:/home/mouad/.m2/repository/junit/junit/4.13.1/junit-4.13.1.jar:/home/mouad/.m2/repository/org/hamcrest/hamcrest-core/1.3/hamcrest-core-1.3.jar:"/>
    <property name="sun.cpu.endian" value="little"/>
    <property name="user.home" value="/home/mouad"/>
    <property name="user.language" value="fr"/>
    <property name="java.specification.vendor" value="Oracle Corporation"/>
    <property name="java.version.date" value="2024-10-15"/>
    <property name="java.home" value="/usr/lib/jvm/java-21-openjdk-amd64"/>
    <property name="file.separator" value="/"/>
    <property name="basedir" value="/home/mouad/Bureau/codeReview/mouadProject"/>
    <property name="java.vm.compressedOopsMode" value="32-bit"/>
    <property name="line.separator" value="&#10;"/>
    <property name="java.specification.name" value="Java Platform API Specification"/>
    <property name="java.vm.specification.vendor" value="Oracle Corporation"/>
    <property name="surefire.real.class.path" value="/home/mouad/Bureau/codeReview/mouadProject/target/surefire/surefirebooter3021698623744594534.jar"/>
    <property name="sun.management.compiler" value="HotSpot 64-Bit Tiered Compilers"/>
    <property name="java.runtime.version" value="21.0.5+11-Ubuntu-1ubuntu124.04"/>
    <property name="user.name" value="mouad"/>
    <property name="stdout.encoding" value="UTF-8"/>
    <property name="path.separator" value=":"/>
    <property name="os.version" value="6.8.0-49-generic"/>
    <property name="java.runtime.name" value="OpenJDK Runtime Environment"/>
    <property name="file.encoding" value="UTF-8"/>
    <property name="java.vm.name" value="OpenJDK 64-Bit Server VM"/>
    <property name="localRepository" value="/home/mouad/.m2/repository"/>
    <property name="java.vendor.url.bug" value="https://bugs.launchpad.net/ubuntu/+source/openjdk-21"/>
    <property name="java.io.tmpdir" value="/tmp"/>
    <property name="java.version" value="21.0.5"/>
    <property name="user.dir" value="/home/mouad/Bureau/codeReview/mouadProject"/>
    <property name="os.arch" value="amd64"/>
    <property name="java.vm.specification.name" value="Java Virtual Machine Specification"/>
    <property name="native.encoding" value="UTF-8"/>
    <property name="java.library.path" value="/usr/java/packages/lib:/usr/lib/x86_64-linux-gnu/jni:/lib/x86_64-linux-gnu:/usr/lib/x86_64-linux-gnu:/usr/lib/jni:/lib:/usr/lib"/>
    <property name="java.vm.info" value="mixed mode, sharing"/>
    <property name="stderr.encoding" value="UTF-8"/>
    <property name="java.vendor" value="Ubuntu"/>
    <property name="java.vm.version" value="21.0.5+11-Ubuntu-1ubuntu124.04"/>
    <property name="sun.io.unicode.encoding" value="UnicodeLittle"/>
    <property name="java.class.version" value="65.0"/>
  </properties>
  <testcase name="testComputeMd5" classname="TP1.MouadProjet.AwesomePasswordCheckerTest" time="0.033">
    <error message="Cannot invoke &quot;java.net.URL.getFile()&quot; because the return value of &quot;java.lang.ClassLoader.getResource(String)&quot; is null" type="java.lang.NullPointerException">java.lang.NullPointerException: Cannot invoke "java.net.URL.getFile()" because the return value of "java.lang.ClassLoader.getResource(String)" is null
	at TP1.MouadProjet.AwesomePasswordCheckerTest.setUp(AwesomePasswordCheckerTest.java:22)
</error>
  </testcase>
  <testcase name="testMaskAff" classname="TP1.MouadProjet.AwesomePasswordCheckerTest" time="0.001">
    <error message="Cannot invoke &quot;java.net.URL.getFile()&quot; because the return value of &quot;java.lang.ClassLoader.getResource(String)&quot; is null" type="java.lang.NullPointerException">java.lang.NullPointerException: Cannot invoke "java.net.URL.getFile()" because the return value of "java.lang.ClassLoader.getResource(String)" is null
	at TP1.MouadProjet.AwesomePasswordCheckerTest.setUp(AwesomePasswordCheckerTest.java:22)
</error>
  </testcase>
  <testcase name="testGetDistance" classname="TP1.MouadProjet.AwesomePasswordCheckerTest" time="0.001">
    <error message="Cannot invoke &quot;java.net.URL.getFile()&quot; because the return value of &quot;java.lang.ClassLoader.getResource(String)&quot; is null" type="java.lang.NullPointerException">java.lang.NullPointerException: Cannot invoke "java.net.URL.getFile()" because the return value of "java.lang.ClassLoader.getResource(String)" is null
	at TP1.MouadProjet.AwesomePasswordCheckerTest.setUp(AwesomePasswordCheckerTest.java:22)
</error>
  </testcase>
  <testcase name="testClusterCentersLoaded" classname="TP1.MouadProjet.AwesomePasswordCheckerTest" time="0.001">
    <error message="Cannot invoke &quot;java.net.URL.getFile()&quot; because the return value of &quot;java.lang.ClassLoader.getResource(String)&quot; is null" type="java.lang.NullPointerException">java.lang.NullPointerException: Cannot invoke "java.net.URL.getFile()" because the return value of "java.lang.ClassLoader.getResource(String)" is null
	at TP1.MouadProjet.AwesomePasswordCheckerTest.setUp(AwesomePasswordCheckerTest.java:22)
</error>
  </testcase>
</testsuite>